A y ED II – Trabajo Práctico
Trabajo Práctico: Gestión de
Clientes en una Red Social
Empresarial
Introducción
Una empresa está desarrollando una red social exclusiva para sus clientes. En esta
plataforma, los clientes pueden interactuar siguiendo a otros usuarios, gestionando sus
conexiones y realizando acciones sobre su cuenta. El sistema se desarrollará en tres
iteraciones, cada una con requerimientos específicos que permitirán construir una
solución incremental y robusta.
Nota: Se valorará especialmente el uso de búsquedas eficientes en las
implementaciones. Aquellos estudiantes que logren implementar operaciones con
menor complejidad temporal y espacial obtendrán mayor puntaje.
Contenido
Introducción 1
Requerimientos Generales del Sistema 2
Formato del Archivo JSON 3
Iteración 1: Gestión Básica de Clientes y Acciones 4
Iteración 2: Relaciones entre Clientes 5
Iteración 3: Relaciones Generales 6
Objetivos del Trabajo 7
Preguntas de Análisis 8
Criterios de Evaluación 9
A y ED II – Trabajo Práctico
Requerimientos Generales del Sistema
1. Gestión de Clientes:
o Cada cliente tiene un nombre y un scoring (un valor que representa su
nivel de influencia en la red).
o Se debe permitir la búsqueda de clientes por nombre y
scoring. Nota: Las búsquedas deben ser eficientes (evitar búsquedas
secuenciales siempre que sea posible).
2. Historial de Acciones:
o Cada acción realizada en la plataforma debe registrarse para permitir su
seguimiento.
o Se debe poder deshacer la última acción realizada.
3. Persistencia y Pruebas con Archivo JSON:
o La información inicial de los clientes y sus relaciones deberá cargarse
desde un archivo JSON.
o El sistema deberá ser capaz de leer los datos de este archivo y
construir las estructuras de datos correspondientes.
o Se debe diseñar un conjunto de pruebas unitarias para verificar que el
sistema funciona correctamente con los datos cargados.
A y ED II – Trabajo Práctico
Formato del Archivo JSON
El archivo JSON puede tener el siguiente esquema de ejemplo:
{
"clientes": [
{
"nombre": "Alice"
,
"scoring": 95,
"siguiendo": ["Bob"
,
"conexiones": ["Bob"
,
"Charlie"],
"Charlie"
,
"David"]
},
{
"nombre": "Bob"
,
"scoring": 88,
"siguiendo": ["David"],
"conexiones": ["Alice"
,
"David"]
},
{
"nombre": "Charlie"
,
"scoring": 80,
"siguiendo": [],
"conexiones": ["Alice"
,
"Eve"]
},
{
"nombre": "David"
,
"scoring": 92,
"siguiendo": ["Alice"],
"conexiones": ["Bob"
,
"Alice"]
},
{
"nombre": "Eve"
,
"scoring": 85,
"siguiendo": [],
"conexiones": ["Charlie"]
}
]
}
A y ED II – Trabajo Práctico
Iteración 1: Gestión Básica de Clientes y
Acciones
Fecha de entrega y presentación grupal: 5/2/2026
En esta iteración, el foco estará en la gestión básica de clientes y el historial de
acciones.
Agregar el diseño de los tipos abstractos de datos e invariantes de representación.
Requerimientos Específicos:
1. Gestión de Clientes:
o Implementar una estructura para almacenar y gestionar los clientes.
o Permitir la búsqueda de clientes por nombre y scoring. Nota: Se
valorará el uso de estructuras que permitan búsquedas eficientes (por
ejemplo, O(log n) o mejor).
2. Historial de Acciones:
o El sistema debe mantener un historial de acciones realizadas por los
clientes en la plataforma, donde cada acción registrada incluya el tipo
de acción (por ejemplo,
"agregar cliente" o "seguir cliente"), los detalles
específicos (como el nombre del cliente afectado) y, opcionalmente,
la fecha y hora. El sistema debe permitir registrar una acción de manera
eficiente, deshacer la última acción realizada (eliminándola del historial
y devolviendo sus detalles para revertir sus efectos) y,
opcionalmente, consultar todas las acciones registradas. Las
operaciones de registrar y deshacer acciones deben ser eficientes,
preferiblemente en tiempo constante (O(1)).
3. Gestión de Solicitudes de Seguimiento:
o Implementar un mecanismo para procesar solicitudes de seguimiento
en el orden en que fueron enviadas.
4. Persistencia y Pruebas:
o Cargar la información inicial de clientes desde el archivo JSON.
o Implementar pruebas